Build started 10/2/2015 12:36:22 PM.
     1>Project "C:\Users\relam\Documents\GitHub\ProcessMonitor\ProcessMonitor\ProcessMonitor.vcxproj" on node 2 (Build target(s)).
     1>ClCompile:
         C:\Program Files (x86)\Microsoft Visual Studio 14.0\VC\bin\CL.exe /c /ZI /nologo /W3 /WX- /sdl /Od /Oy- /D _MBCS /Gm /EHsc /RTC1 /MDd /GS /fp:precise /Zc:wchar_t /Zc:forScope /Zc:inline /Fo"Debug\\" /Fd"Debug\vc140.pdb" /Gd /TP /analyze- /errorReport:prompt main.cpp ProcessTracker.cpp
         ProcessTracker.cpp
     1>c:\users\relam\documents\github\processmonitor\processmonitor\processtracker.cpp(55): warning C4018: '<': signed/unsigned mismatch
     1>c:\users\relam\documents\github\processmonitor\processmonitor\processtracker.cpp(41): warning C4101: 'processPath': unreferenced local variable
     1>c:\users\relam\documents\github\processmonitor\processmonitor\processtracker.cpp(40): warning C4101: 'cbNeeded': unreferenced local variable
     1>c:\users\relam\documents\github\processmonitor\processmonitor\processtracker.cpp(39): warning C4101: 'hMod': unreferenced local variable
     1>c:\users\relam\documents\github\processmonitor\processmonitor\processtracker.cpp(115): warning C4018: '<': signed/unsigned mismatch
     1>c:\users\relam\documents\github\processmonitor\processmonitor\processtracker.cpp(96): warning C4101: 'processPath': unreferenced local variable
     1>c:\users\relam\documents\github\processmonitor\processmonitor\processtracker.cpp(95): warning C4101: 'cbNeeded': unreferenced local variable
     1>c:\users\relam\documents\github\processmonitor\processmonitor\processtracker.cpp(94): warning C4101: 'hMod': unreferenced local variable
         main.cpp
         Generating Code...
       Link:
         C:\Program Files (x86)\Microsoft Visual Studio 14.0\VC\bin\link.exe /ERRORREPORT:PROMPT /OUT:"C:\Users\relam\Documents\GitHub\ProcessMonitor\Debug\ProcessMonitor.exe" /INCREMENTAL /NOLOGO kernel32.lib user32.lib gdi32.lib winspool.lib comdlg32.lib advapi32.lib shell32.lib ole32.lib oleaut32.lib uuid.lib odbc32.lib odbccp32.lib /MANIFEST /MANIFESTUAC:"level='asInvoker' uiAccess='false'" /manifest:embed /Debug /PDB:"C:\Users\relam\Documents\GitHub\ProcessMonitor\Debug\ProcessMonitor.pdb" /TLBID:1 /DYNAMICBASE /NXCOMPAT /IMPLIB:"C:\Users\relam\Documents\GitHub\ProcessMonitor\Debug\ProcessMonitor.lib" /MACHINE:X86 Debug\main.obj
         Debug\ProcessTracker.obj
         ProcessMonitor.vcxproj -> C:\Users\relam\Documents\GitHub\ProcessMonitor\Debug\ProcessMonitor.exe
     1>Done Building Project "C:\Users\relam\Documents\GitHub\ProcessMonitor\ProcessMonitor\ProcessMonitor.vcxproj" (Build target(s)).

Build succeeded.

Time Elapsed 00:00:02.95
